[2023-04-14 10:08:21,727] INFO [Controller id=0 epoch=1] Sending UpdateMetadata request to brokers Set() for 0 partitions (state.change.logger)
[2023-04-14 10:08:58,759] INFO [Controller id=0 epoch=2] Sending UpdateMetadata request to brokers Set(0) for 0 partitions (state.change.logger)
[2023-04-14 10:08:58,799] INFO [Controller id=0 epoch=2] Sending LeaderAndIsr request to broker 0 with 83 become-leader and 0 become-follower partitions (state.change.logger)
[2023-04-14 10:08:58,802] INFO [Controller id=0 epoch=2] Sending UpdateMetadata request to brokers Set(0) for 83 partitions (state.change.logger)
[2023-04-14 10:08:58,860] INFO [Broker id=0] Handling LeaderAndIsr request correlationId 1 from controller 0 for 83 partitions (state.change.logger)
[2023-04-14 10:08:58,916] INFO [Broker id=0] Stopped fetchers as part of LeaderAndIsr request correlationId 1 from controller 0 epoch 2 as part of the become-leader transition for 83 partitions (state.change.logger)
[2023-04-14 10:08:58,937] INFO [Broker id=0] Leader __consumer_offsets-0 with topic id Some(Uc0vfh-DT3aYAigpaLVeng) starts at leader epoch 0 from offset 0 with partition epoch 0, high watermark 0, ISR [0], adding replicas [] and removing replicas []. Previous leader epoch was -1. (state.change.logger)
[2023-04-14 10:08:58,944] INFO [Broker id=0] Leader connect-status-1 with topic id Some(aHOkvupWTPyV9f8ugaaKyw) starts at leader epoch 0 from offset 0 with partition epoch 0, high watermark 0, ISR [0], adding replicas [] and removing replicas []. Previous leader epoch was -1. (state.change.logger)
[2023-04-14 10:08:58,947] INFO [Broker id=0] Leader connect-offsets-8 with topic id Some(Ihs-El4tR3u6e4j8tNGvdQ) starts at leader epoch 0 from offset 0 with partition epoch 0, high watermark 0, ISR [0], adding replicas [] and removing replicas []. Previous leader epoch was -1. (state.change.logger)
[2023-04-14 10:08:58,950] INFO [Broker id=0] Leader __consumer_offsets-29 with topic id Some(Uc0vfh-DT3aYAigpaLVeng) starts at leader epoch 0 from offset 0 with partition epoch 0, high watermark 0, ISR [0], adding replicas [] and removing replicas []. Previous leader epoch was -1. (state.change.logger)
[2023-04-14 10:08:58,953] INFO [Broker id=0] Leader __consumer_offsets-48 with topic id Some(Uc0vfh-DT3aYAigpaLVeng) starts at leader epoch 0 from offset 0 with partition epoch 0, high watermark 0, ISR [0], adding replicas [] and removing replicas []. Previous leader epoch was -1. (state.change.logger)
[2023-04-14 10:08:58,956] INFO [Broker id=0] Leader __consumer_offsets-10 with topic id Some(Uc0vfh-DT3aYAigpaLVeng) starts at leader epoch 0 from offset 0 with partition epoch 0, high watermark 0, ISR [0], adding replicas [] and removing replicas []. Previous leader epoch was -1. (state.change.logger)
[2023-04-14 10:08:58,959] INFO [Broker id=0] Leader __consumer_offsets-45 with topic id Some(Uc0vfh-DT3aYAigpaLVeng) starts at leader epoch 0 from offset 0 with partition epoch 0, high watermark 0, ISR [0], adding replicas [] and removing replicas []. Previous leader epoch was -1. (state.change.logger)
[2023-04-14 10:08:58,961] INFO [Broker id=0] Leader __consumer_offsets-26 with topic id Some(Uc0vfh-DT3aYAigpaLVeng) starts at leader epoch 0 from offset 0 with partition epoch 0, high watermark 0, ISR [0], adding replicas [] and removing replicas []. Previous leader epoch was -1. (state.change.logger)
[2023-04-14 10:08:58,965] INFO [Broker id=0] Leader connect-offsets-5 with topic id Some(Ihs-El4tR3u6e4j8tNGvdQ) starts at leader epoch 0 from offset 0 with partition epoch 0, high watermark 0, ISR [0], adding replicas [] and removing replicas []. Previous leader epoch was -1. (state.change.logger)
[2023-04-14 10:08:58,967] INFO [Broker id=0] Leader __consumer_offsets-7 with topic id Some(Uc0vfh-DT3aYAigpaLVeng) starts at leader epoch 0 from offset 0 with partition epoch 0, high watermark 0, ISR [0], adding replicas [] and removing replicas []. Previous leader epoch was -1. (state.change.logger)
[2023-04-14 10:08:58,970] INFO [Broker id=0] Leader connect-offsets-24 with topic id Some(Ihs-El4tR3u6e4j8tNGvdQ) starts at leader epoch 0 from offset 0 with partition epoch 0, high watermark 0, ISR [0], adding replicas [] and removing replicas []. Previous leader epoch was -1. (state.change.logger)
[2023-04-14 10:08:58,973] INFO [Broker id=0] Leader __consumer_offsets-42 with topic id Some(Uc0vfh-DT3aYAigpaLVeng) starts at leader epoch 0 from offset 0 with partition epoch 0, high watermark 0, ISR [0], adding replicas [] and removing replicas []. Previous leader epoch was -1. (state.change.logger)
[2023-04-14 10:08:58,975] INFO [Broker id=0] Leader connect-offsets-21 with topic id Some(Ihs-El4tR3u6e4j8tNGvdQ) starts at leader epoch 0 from offset 0 with partition epoch 0, high watermark 0, ISR [0], adding replicas [] and removing replicas []. Previous leader epoch was -1. (state.change.logger)
[2023-04-14 10:08:58,977] INFO [Broker id=0] Leader __consumer_offsets-4 with topic id Some(Uc0vfh-DT3aYAigpaLVeng) starts at leader epoch 0 from offset 0 with partition epoch 0, high watermark 0, ISR [0], adding replicas [] and removing replicas []. Previous leader epoch was -1. (state.change.logger)
[2023-04-14 10:08:58,981] INFO [Broker id=0] Leader __consumer_offsets-23 with topic id Some(Uc0vfh-DT3aYAigpaLVeng) starts at leader epoch 0 from offset 0 with partition epoch 0, high watermark 0, ISR [0], adding replicas [] and removing replicas []. Previous leader epoch was -1. (state.change.logger)
[2023-04-14 10:08:58,983] INFO [Broker id=0] Leader connect-offsets-2 with topic id Some(Ihs-El4tR3u6e4j8tNGvdQ) starts at leader epoch 0 from offset 0 with partition epoch 0, high watermark 0, ISR [0], adding replicas [] and removing replicas []. Previous leader epoch was -1. (state.change.logger)
[2023-04-14 10:08:58,986] INFO [Broker id=0] Leader __consumer_offsets-1 with topic id Some(Uc0vfh-DT3aYAigpaLVeng) starts at leader epoch 0 from offset 0 with partition epoch 0, high watermark 0, ISR [0], adding replicas [] and removing replicas []. Previous leader epoch was -1. (state.change.logger)
[2023-04-14 10:08:58,988] INFO [Broker id=0] Leader connect-offsets-18 with topic id Some(Ihs-El4tR3u6e4j8tNGvdQ) starts at leader epoch 0 from offset 0 with partition epoch 0, high watermark 0, ISR [0], adding replicas [] and removing replicas []. Previous leader epoch was -1. (state.change.logger)
[2023-04-14 10:08:58,991] INFO [Broker id=0] Leader __consumer_offsets-39 with topic id Some(Uc0vfh-DT3aYAigpaLVeng) starts at leader epoch 0 from offset 0 with partition epoch 0, high watermark 0, ISR [0], adding replicas [] and removing replicas []. Previous leader epoch was -1. (state.change.logger)
[2023-04-14 10:08:58,993] INFO [Broker id=0] Leader __consumer_offsets-20 with topic id Some(Uc0vfh-DT3aYAigpaLVeng) starts at leader epoch 0 from offset 3 with partition epoch 0, high watermark 3, ISR [0], adding replicas [] and removing replicas []. Previous leader epoch was -1. (state.change.logger)
[2023-04-14 10:08:58,993] INFO [Broker id=0] Leader __consumer_offsets-17 with topic id Some(Uc0vfh-DT3aYAigpaLVeng) starts at leader epoch 0 from offset 0 with partition epoch 0, high watermark 0, ISR [0], adding replicas [] and removing replicas []. Previous leader epoch was -1. (state.change.logger)
[2023-04-14 10:08:58,996] INFO [Broker id=0] Leader __consumer_offsets-36 with topic id Some(Uc0vfh-DT3aYAigpaLVeng) starts at leader epoch 0 from offset 0 with partition epoch 0, high watermark 0, ISR [0], adding replicas [] and removing replicas []. Previous leader epoch was -1. (state.change.logger)
[2023-04-14 10:08:58,999] INFO [Broker id=0] Leader connect-offsets-15 with topic id Some(Ihs-El4tR3u6e4j8tNGvdQ) starts at leader epoch 0 from offset 0 with partition epoch 0, high watermark 0, ISR [0], adding replicas [] and removing replicas []. Previous leader epoch was -1. (state.change.logger)
[2023-04-14 10:08:59,002] INFO [Broker id=0] Leader connect-offsets-12 with topic id Some(Ihs-El4tR3u6e4j8tNGvdQ) starts at leader epoch 0 from offset 0 with partition epoch 0, high watermark 0, ISR [0], adding replicas [] and removing replicas []. Previous leader epoch was -1. (state.change.logger)
[2023-04-14 10:08:59,004] INFO [Broker id=0] Leader __consumer_offsets-14 with topic id Some(Uc0vfh-DT3aYAigpaLVeng) starts at leader epoch 0 from offset 0 with partition epoch 0, high watermark 0, ISR [0], adding replicas [] and removing replicas []. Previous leader epoch was -1. (state.change.logger)
[2023-04-14 10:08:59,007] INFO [Broker id=0] Leader __consumer_offsets-33 with topic id Some(Uc0vfh-DT3aYAigpaLVeng) starts at leader epoch 0 from offset 0 with partition epoch 0, high watermark 0, ISR [0], adding replicas [] and removing replicas []. Previous leader epoch was -1. (state.change.logger)
[2023-04-14 10:08:59,009] INFO [Broker id=0] Leader example-catalog-topic-0 with topic id Some(DAroRGS5SqC80wwxVYJ57A) starts at leader epoch 0 from offset 1 with partition epoch 0, high watermark 1, ISR [0], adding replicas [] and removing replicas []. Previous leader epoch was -1. (state.change.logger)
[2023-04-14 10:08:59,009] INFO [Broker id=0] Leader connect-offsets-9 with topic id Some(Ihs-El4tR3u6e4j8tNGvdQ) starts at leader epoch 0 from offset 0 with partition epoch 0, high watermark 0, ISR [0], adding replicas [] and removing replicas []. Previous leader epoch was -1. (state.change.logger)
[2023-04-14 10:08:59,012] INFO [Broker id=0] Leader __consumer_offsets-49 with topic id Some(Uc0vfh-DT3aYAigpaLVeng) starts at leader epoch 0 from offset 0 with partition epoch 0, high watermark 0, ISR [0], adding replicas [] and removing replicas []. Previous leader epoch was -1. (state.change.logger)
[2023-04-14 10:08:59,014] INFO [Broker id=0] Leader __consumer_offsets-11 with topic id Some(Uc0vfh-DT3aYAigpaLVeng) starts at leader epoch 0 from offset 0 with partition epoch 0, high watermark 0, ISR [0], adding replicas [] and removing replicas []. Previous leader epoch was -1. (state.change.logger)
[2023-04-14 10:08:59,017] INFO [Broker id=0] Leader __consumer_offsets-30 with topic id Some(Uc0vfh-DT3aYAigpaLVeng) starts at leader epoch 0 from offset 0 with partition epoch 0, high watermark 0, ISR [0], adding replicas [] and removing replicas []. Previous leader epoch was -1. (state.change.logger)
[2023-04-14 10:08:59,020] INFO [Broker id=0] Leader connect-status-2 with topic id Some(aHOkvupWTPyV9f8ugaaKyw) starts at leader epoch 0 from offset 0 with partition epoch 0, high watermark 0, ISR [0], adding replicas [] and removing replicas []. Previous leader epoch was -1. (state.change.logger)
[2023-04-14 10:08:59,022] INFO [Broker id=0] Leader __consumer_offsets-46 with topic id Some(Uc0vfh-DT3aYAigpaLVeng) starts at leader epoch 0 from offset 0 with partition epoch 0, high watermark 0, ISR [0], adding replicas [] and removing replicas []. Previous leader epoch was -1. (state.change.logger)
[2023-04-14 10:08:59,025] INFO [Broker id=0] Leader __consumer_offsets-27 with topic id Some(Uc0vfh-DT3aYAigpaLVeng) starts at leader epoch 0 from offset 0 with partition epoch 0, high watermark 0, ISR [0], adding replicas [] and removing replicas []. Previous leader epoch was -1. (state.change.logger)
[2023-04-14 10:08:59,027] INFO [Broker id=0] Leader connect-offsets-6 with topic id Some(Ihs-El4tR3u6e4j8tNGvdQ) starts at leader epoch 0 from offset 0 with partition epoch 0, high watermark 0, ISR [0], adding replicas [] and removing replicas []. Previous leader epoch was -1. (state.change.logger)
[2023-04-14 10:08:59,030] INFO [Broker id=0] Leader __consumer_offsets-8 with topic id Some(Uc0vfh-DT3aYAigpaLVeng) starts at leader epoch 0 from offset 0 with partition epoch 0, high watermark 0, ISR [0], adding replicas [] and removing replicas []. Previous leader epoch was -1. (state.change.logger)
[2023-04-14 10:08:59,032] INFO [Broker id=0] Leader __consumer_offsets-24 with topic id Some(Uc0vfh-DT3aYAigpaLVeng) starts at leader epoch 0 from offset 0 with partition epoch 0, high watermark 0, ISR [0], adding replicas [] and removing replicas []. Previous leader epoch was -1. (state.change.logger)
[2023-04-14 10:08:59,035] INFO [Broker id=0] Leader connect-offsets-3 with topic id Some(Ihs-El4tR3u6e4j8tNGvdQ) starts at leader epoch 0 from offset 0 with partition epoch 0, high watermark 0, ISR [0], adding replicas [] and removing replicas []. Previous leader epoch was -1. (state.change.logger)
[2023-04-14 10:08:59,037] INFO [Broker id=0] Leader __consumer_offsets-43 with topic id Some(Uc0vfh-DT3aYAigpaLVeng) starts at leader epoch 0 from offset 0 with partition epoch 0, high watermark 0, ISR [0], adding replicas [] and removing replicas []. Previous leader epoch was -1. (state.change.logger)
[2023-04-14 10:08:59,039] INFO [Broker id=0] Leader connect-offsets-22 with topic id Some(Ihs-El4tR3u6e4j8tNGvdQ) starts at leader epoch 0 from offset 0 with partition epoch 0, high watermark 0, ISR [0], adding replicas [] and removing replicas []. Previous leader epoch was -1. (state.change.logger)
[2023-04-14 10:08:59,042] INFO [Broker id=0] Leader __consumer_offsets-5 with topic id Some(Uc0vfh-DT3aYAigpaLVeng) starts at leader epoch 0 from offset 0 with partition epoch 0, high watermark 0, ISR [0], adding replicas [] and removing replicas []. Previous leader epoch was -1. (state.change.logger)
[2023-04-14 10:08:59,044] INFO [Broker id=0] Leader connect-offsets-0 with topic id Some(Ihs-El4tR3u6e4j8tNGvdQ) starts at leader epoch 0 from offset 0 with partition epoch 0, high watermark 0, ISR [0], adding replicas [] and removing replicas []. Previous leader epoch was -1. (state.change.logger)
[2023-04-14 10:08:59,047] INFO [Broker id=0] Leader connect-offsets-19 with topic id Some(Ihs-El4tR3u6e4j8tNGvdQ) starts at leader epoch 0 from offset 0 with partition epoch 0, high watermark 0, ISR [0], adding replicas [] and removing replicas []. Previous leader epoch was -1. (state.change.logger)
[2023-04-14 10:08:59,050] INFO [Broker id=0] Leader __consumer_offsets-21 with topic id Some(Uc0vfh-DT3aYAigpaLVeng) starts at leader epoch 0 from offset 0 with partition epoch 0, high watermark 0, ISR [0], adding replicas [] and removing replicas []. Previous leader epoch was -1. (state.change.logger)
[2023-04-14 10:08:59,052] INFO [Broker id=0] Leader __consumer_offsets-40 with topic id Some(Uc0vfh-DT3aYAigpaLVeng) starts at leader epoch 0 from offset 0 with partition epoch 0, high watermark 0, ISR [0], adding replicas [] and removing replicas []. Previous leader epoch was -1. (state.change.logger)
[2023-04-14 10:08:59,054] INFO [Broker id=0] Leader __consumer_offsets-2 with topic id Some(Uc0vfh-DT3aYAigpaLVeng) starts at leader epoch 0 from offset 0 with partition epoch 0, high watermark 0, ISR [0], adding replicas [] and removing replicas []. Previous leader epoch was -1. (state.change.logger)
[2023-04-14 10:08:59,057] INFO [Broker id=0] Leader __consumer_offsets-37 with topic id Some(Uc0vfh-DT3aYAigpaLVeng) starts at leader epoch 0 from offset 0 with partition epoch 0, high watermark 0, ISR [0], adding replicas [] and removing replicas []. Previous leader epoch was -1. (state.change.logger)
[2023-04-14 10:08:59,060] INFO [Broker id=0] Leader __consumer_offsets-18 with topic id Some(Uc0vfh-DT3aYAigpaLVeng) starts at leader epoch 0 from offset 0 with partition epoch 0, high watermark 0, ISR [0], adding replicas [] and removing replicas []. Previous leader epoch was -1. (state.change.logger)
[2023-04-14 10:08:59,061] INFO [Broker id=0] Leader connect-offsets-16 with topic id Some(Ihs-El4tR3u6e4j8tNGvdQ) starts at leader epoch 0 from offset 0 with partition epoch 0, high watermark 0, ISR [0], adding replicas [] and removing replicas []. Previous leader epoch was -1. (state.change.logger)
[2023-04-14 10:08:59,064] INFO [Broker id=0] Leader __consumer_offsets-15 with topic id Some(Uc0vfh-DT3aYAigpaLVeng) starts at leader epoch 0 from offset 0 with partition epoch 0, high watermark 0, ISR [0], adding replicas [] and removing replicas []. Previous leader epoch was -1. (state.change.logger)
[2023-04-14 10:08:59,066] INFO [Broker id=0] Leader __consumer_offsets-34 with topic id Some(Uc0vfh-DT3aYAigpaLVeng) starts at leader epoch 0 from offset 0 with partition epoch 0, high watermark 0, ISR [0], adding replicas [] and removing replicas []. Previous leader epoch was -1. (state.change.logger)
[2023-04-14 10:08:59,069] INFO [Broker id=0] Leader connect-offsets-13 with topic id Some(Ihs-El4tR3u6e4j8tNGvdQ) starts at leader epoch 0 from offset 0 with partition epoch 0, high watermark 0, ISR [0], adding replicas [] and removing replicas []. Previous leader epoch was -1. (state.change.logger)
[2023-04-14 10:08:59,071] INFO [Broker id=0] Leader __consumer_offsets-12 with topic id Some(Uc0vfh-DT3aYAigpaLVeng) starts at leader epoch 0 from offset 0 with partition epoch 0, high watermark 0, ISR [0], adding replicas [] and removing replicas []. Previous leader epoch was -1. (state.change.logger)
[2023-04-14 10:08:59,074] INFO [Broker id=0] Leader __consumer_offsets-31 with topic id Some(Uc0vfh-DT3aYAigpaLVeng) starts at leader epoch 0 from offset 0 with partition epoch 0, high watermark 0, ISR [0], adding replicas [] and removing replicas []. Previous leader epoch was -1. (state.change.logger)
[2023-04-14 10:08:59,076] INFO [Broker id=0] Leader orders-0 with topic id Some(UtZwi4gXRqiZiMqX0Wkjmg) starts at leader epoch 0 from offset 1 with partition epoch 0, high watermark 1, ISR [0], adding replicas [] and removing replicas []. Previous leader epoch was -1. (state.change.logger)
[2023-04-14 10:08:59,076] INFO [Broker id=0] Leader connect-status-3 with topic id Some(aHOkvupWTPyV9f8ugaaKyw) starts at leader epoch 0 from offset 0 with partition epoch 0, high watermark 0, ISR [0], adding replicas [] and removing replicas []. Previous leader epoch was -1. (state.change.logger)
[2023-04-14 10:08:59,079] INFO [Broker id=0] Leader connect-offsets-10 with topic id Some(Ihs-El4tR3u6e4j8tNGvdQ) starts at leader epoch 0 from offset 0 with partition epoch 0, high watermark 0, ISR [0], adding replicas [] and removing replicas []. Previous leader epoch was -1. (state.change.logger)
[2023-04-14 10:08:59,081] INFO [Broker id=0] Leader __consumer_offsets-9 with topic id Some(Uc0vfh-DT3aYAigpaLVeng) starts at leader epoch 0 from offset 0 with partition epoch 0, high watermark 0, ISR [0], adding replicas [] and removing replicas []. Previous leader epoch was -1. (state.change.logger)
[2023-04-14 10:08:59,083] INFO [Broker id=0] Leader connect-offsets-7 with topic id Some(Ihs-El4tR3u6e4j8tNGvdQ) starts at leader epoch 0 from offset 0 with partition epoch 0, high watermark 0, ISR [0], adding replicas [] and removing replicas []. Previous leader epoch was -1. (state.change.logger)
[2023-04-14 10:08:59,086] INFO [Broker id=0] Leader __consumer_offsets-47 with topic id Some(Uc0vfh-DT3aYAigpaLVeng) starts at leader epoch 0 from offset 0 with partition epoch 0, high watermark 0, ISR [0], adding replicas [] and removing replicas []. Previous leader epoch was -1. (state.change.logger)
[2023-04-14 10:08:59,089] INFO [Broker id=0] Leader connect-status-0 with topic id Some(aHOkvupWTPyV9f8ugaaKyw) starts at leader epoch 0 from offset 0 with partition epoch 0, high watermark 0, ISR [0], adding replicas [] and removing replicas []. Previous leader epoch was -1. (state.change.logger)
[2023-04-14 10:08:59,091] INFO [Broker id=0] Leader __consumer_offsets-19 with topic id Some(Uc0vfh-DT3aYAigpaLVeng) starts at leader epoch 0 from offset 0 with partition epoch 0, high watermark 0, ISR [0], adding replicas [] and removing replicas []. Previous leader epoch was -1. (state.change.logger)
[2023-04-14 10:08:59,094] INFO [Broker id=0] Leader __consumer_offsets-28 with topic id Some(Uc0vfh-DT3aYAigpaLVeng) starts at leader epoch 0 from offset 0 with partition epoch 0, high watermark 0, ISR [0], adding replicas [] and removing replicas []. Previous leader epoch was -1. (state.change.logger)
[2023-04-14 10:08:59,098] INFO [Broker id=0] Leader __consumer_offsets-38 with topic id Some(Uc0vfh-DT3aYAigpaLVeng) starts at leader epoch 0 from offset 0 with partition epoch 0, high watermark 0, ISR [0], adding replicas [] and removing replicas []. Previous leader epoch was -1. (state.change.logger)
[2023-04-14 10:08:59,101] INFO [Broker id=0] Leader connect-offsets-17 with topic id Some(Ihs-El4tR3u6e4j8tNGvdQ) starts at leader epoch 0 from offset 0 with partition epoch 0, high watermark 0, ISR [0], adding replicas [] and removing replicas []. Previous leader epoch was -1. (state.change.logger)
[2023-04-14 10:08:59,103] INFO [Broker id=0] Leader connect-offsets-4 with topic id Some(Ihs-El4tR3u6e4j8tNGvdQ) starts at leader epoch 0 from offset 0 with partition epoch 0, high watermark 0, ISR [0], adding replicas [] and removing replicas []. Previous leader epoch was -1. (state.change.logger)
[2023-04-14 10:08:59,107] INFO [Broker id=0] Leader __consumer_offsets-35 with topic id Some(Uc0vfh-DT3aYAigpaLVeng) starts at leader epoch 0 from offset 0 with partition epoch 0, high watermark 0, ISR [0], adding replicas [] and removing replicas []. Previous leader epoch was -1. (state.change.logger)
[2023-04-14 10:08:59,110] INFO [Broker id=0] Leader connect-offsets-14 with topic id Some(Ihs-El4tR3u6e4j8tNGvdQ) starts at leader epoch 0 from offset 0 with partition epoch 0, high watermark 0, ISR [0], adding replicas [] and removing replicas []. Previous leader epoch was -1. (state.change.logger)
[2023-04-14 10:08:59,114] INFO [Broker id=0] Leader __consumer_offsets-44 with topic id Some(Uc0vfh-DT3aYAigpaLVeng) starts at leader epoch 0 from offset 0 with partition epoch 0, high watermark 0, ISR [0], adding replicas [] and removing replicas []. Previous leader epoch was -1. (state.change.logger)
[2023-04-14 10:08:59,117] INFO [Broker id=0] Leader __consumer_offsets-6 with topic id Some(Uc0vfh-DT3aYAigpaLVeng) starts at leader epoch 0 from offset 0 with partition epoch 0, high watermark 0, ISR [0], adding replicas [] and removing replicas []. Previous leader epoch was -1. (state.change.logger)
[2023-04-14 10:08:59,119] INFO [Broker id=0] Leader connect-offsets-23 with topic id Some(Ihs-El4tR3u6e4j8tNGvdQ) starts at leader epoch 0 from offset 0 with partition epoch 0, high watermark 0, ISR [0], adding replicas [] and removing replicas []. Previous leader epoch was -1. (state.change.logger)
[2023-04-14 10:08:59,122] INFO [Broker id=0] Leader __consumer_offsets-25 with topic id Some(Uc0vfh-DT3aYAigpaLVeng) starts at leader epoch 0 from offset 0 with partition epoch 0, high watermark 0, ISR [0], adding replicas [] and removing replicas []. Previous leader epoch was -1. (state.change.logger)
[2023-04-14 10:08:59,124] INFO [Broker id=0] Leader __consumer_offsets-16 with topic id Some(Uc0vfh-DT3aYAigpaLVeng) starts at leader epoch 0 from offset 0 with partition epoch 0, high watermark 0, ISR [0], adding replicas [] and removing replicas []. Previous leader epoch was -1. (state.change.logger)
[2023-04-14 10:08:59,126] INFO [Broker id=0] Leader connect-offsets-11 with topic id Some(Ihs-El4tR3u6e4j8tNGvdQ) starts at leader epoch 0 from offset 0 with partition epoch 0, high watermark 0, ISR [0], adding replicas [] and removing replicas []. Previous leader epoch was -1. (state.change.logger)
[2023-04-14 10:08:59,129] INFO [Broker id=0] Leader connect-status-4 with topic id Some(aHOkvupWTPyV9f8ugaaKyw) starts at leader epoch 0 from offset 0 with partition epoch 0, high watermark 0, ISR [0], adding replicas [] and removing replicas []. Previous leader epoch was -1. (state.change.logger)
[2023-04-14 10:08:59,132] INFO [Broker id=0] Leader __consumer_offsets-22 with topic id Some(Uc0vfh-DT3aYAigpaLVeng) starts at leader epoch 0 from offset 0 with partition epoch 0, high watermark 0, ISR [0], adding replicas [] and removing replicas []. Previous leader epoch was -1. (state.change.logger)
[2023-04-14 10:08:59,135] INFO [Broker id=0] Leader __consumer_offsets-41 with topic id Some(Uc0vfh-DT3aYAigpaLVeng) starts at leader epoch 0 from offset 0 with partition epoch 0, high watermark 0, ISR [0], adding replicas [] and removing replicas []. Previous leader epoch was -1. (state.change.logger)
[2023-04-14 10:08:59,137] INFO [Broker id=0] Leader __consumer_offsets-32 with topic id Some(Uc0vfh-DT3aYAigpaLVeng) starts at leader epoch 0 from offset 0 with partition epoch 0, high watermark 0, ISR [0], adding replicas [] and removing replicas []. Previous leader epoch was -1. (state.change.logger)
[2023-04-14 10:08:59,140] INFO [Broker id=0] Leader __consumer_offsets-3 with topic id Some(Uc0vfh-DT3aYAigpaLVeng) starts at leader epoch 0 from offset 0 with partition epoch 0, high watermark 0, ISR [0], adding replicas [] and removing replicas []. Previous leader epoch was -1. (state.change.logger)
[2023-04-14 10:08:59,143] INFO [Broker id=0] Leader connect-offsets-20 with topic id Some(Ihs-El4tR3u6e4j8tNGvdQ) starts at leader epoch 0 from offset 0 with partition epoch 0, high watermark 0, ISR [0], adding replicas [] and removing replicas []. Previous leader epoch was -1. (state.change.logger)
[2023-04-14 10:08:59,145] INFO [Broker id=0] Leader connect-configs-0 with topic id Some(T_zl79gQQXiH6jHAePBYSw) starts at leader epoch 0 from offset 1 with partition epoch 0, high watermark 1, ISR [0], adding replicas [] and removing replicas []. Previous leader epoch was -1. (state.change.logger)
[2023-04-14 10:08:59,145] INFO [Broker id=0] Leader connect-offsets-1 with topic id Some(Ihs-El4tR3u6e4j8tNGvdQ) starts at leader epoch 0 from offset 0 with partition epoch 0, high watermark 0, ISR [0], adding replicas [] and removing replicas []. Previous leader epoch was -1. (state.change.logger)
[2023-04-14 10:08:59,148] INFO [Broker id=0] Leader __consumer_offsets-13 with topic id Some(Uc0vfh-DT3aYAigpaLVeng) starts at leader epoch 0 from offset 3 with partition epoch 0, high watermark 3, ISR [0], adding replicas [] and removing replicas []. Previous leader epoch was -1. (state.change.logger)
[2023-04-14 10:08:59,167] INFO [Broker id=0] Finished LeaderAndIsr request in 308ms correlationId 1 from controller 0 for 83 partitions (state.change.logger)
[2023-04-14 10:08:59,179] INFO [Broker id=0] Add 83 partitions and deleted 0 partitions from metadata cache in response to UpdateMetadata request sent by controller 0 epoch 2 with correlation id 2 (state.change.logger)
[2023-04-14 12:25:28,395] INFO [Controller id=0 epoch=3] Sending UpdateMetadata request to brokers Set(0) for 0 partitions (state.change.logger)
[2023-04-14 12:25:28,400] INFO [Controller id=0 epoch=3] Sending LeaderAndIsr request to broker 0 with 83 become-leader and 0 become-follower partitions (state.change.logger)
[2023-04-14 12:25:28,400] INFO [Controller id=0 epoch=3] Sending UpdateMetadata request to brokers Set(0) for 83 partitions (state.change.logger)
[2023-04-14 12:25:28,401] INFO [Broker id=0] Handling LeaderAndIsr request correlationId 1 from controller 0 for 83 partitions (state.change.logger)
[2023-04-14 12:25:28,403] INFO [Broker id=0] Ignoring LeaderAndIsr request from controller 0 with correlation id 1 epoch 3 for partition connect-configs-0 since its associated leader epoch 0 matches the current leader epoch (state.change.logger)
[2023-04-14 12:25:28,403] INFO [Broker id=0] Ignoring LeaderAndIsr request from controller 0 with correlation id 1 epoch 3 for partition example-catalog-topic-0 since its associated leader epoch 0 matches the current leader epoch (state.change.logger)
[2023-04-14 12:25:28,403] INFO [Broker id=0] Ignoring LeaderAndIsr request from controller 0 with correlation id 1 epoch 3 for partition connect-status-2 since its associated leader epoch 0 matches the current leader epoch (state.change.logger)
[2023-04-14 12:25:28,403] INFO [Broker id=0] Ignoring LeaderAndIsr request from controller 0 with correlation id 1 epoch 3 for partition connect-status-4 since its associated leader epoch 0 matches the current leader epoch (state.change.logger)
[2023-04-14 12:25:28,403] INFO [Broker id=0] Ignoring LeaderAndIsr request from controller 0 with correlation id 1 epoch 3 for partition connect-status-1 since its associated leader epoch 0 matches the current leader epoch (state.change.logger)
[2023-04-14 12:25:28,403] INFO [Broker id=0] Ignoring LeaderAndIsr request from controller 0 with correlation id 1 epoch 3 for partition connect-status-3 since its associated leader epoch 0 matches the current leader epoch (state.change.logger)
[2023-04-14 12:25:28,403] INFO [Broker id=0] Ignoring LeaderAndIsr request from controller 0 with correlation id 1 epoch 3 for partition connect-status-0 since its associated leader epoch 0 matches the current leader epoch (state.change.logger)
[2023-04-14 12:25:28,403] INFO [Broker id=0] Ignoring LeaderAndIsr request from controller 0 with correlation id 1 epoch 3 for partition connect-offsets-10 since its associated leader epoch 0 matches the current leader epoch (state.change.logger)
[2023-04-14 12:25:28,403] INFO [Broker id=0] Ignoring LeaderAndIsr request from controller 0 with correlation id 1 epoch 3 for partition connect-offsets-4 since its associated leader epoch 0 matches the current leader epoch (state.change.logger)
[2023-04-14 12:25:28,403] INFO [Broker id=0] Ignoring LeaderAndIsr request from controller 0 with correlation id 1 epoch 3 for partition connect-offsets-15 since its associated leader epoch 0 matches the current leader epoch (state.change.logger)
[2023-04-14 12:25:28,403] INFO [Broker id=0] Ignoring LeaderAndIsr request from controller 0 with correlation id 1 epoch 3 for partition connect-offsets-1 since its associated leader epoch 0 matches the current leader epoch (state.change.logger)
[2023-04-14 12:25:28,403] INFO [Broker id=0] Ignoring LeaderAndIsr request from controller 0 with correlation id 1 epoch 3 for partition connect-offsets-12 since its associated leader epoch 0 matches the current leader epoch (state.change.logger)
[2023-04-14 12:25:28,403] INFO [Broker id=0] Ignoring LeaderAndIsr request from controller 0 with correlation id 1 epoch 3 for partition connect-offsets-23 since its associated leader epoch 0 matches the current leader epoch (state.change.logger)
[2023-04-14 12:25:28,403] INFO [Broker id=0] Ignoring LeaderAndIsr request from controller 0 with correlation id 1 epoch 3 for partition connect-offsets-20 since its associated leader epoch 0 matches the current leader epoch (state.change.logger)
[2023-04-14 12:25:28,403] INFO [Broker id=0] Ignoring LeaderAndIsr request from controller 0 with correlation id 1 epoch 3 for partition connect-offsets-9 since its associated leader epoch 0 matches the current leader epoch (state.change.logger)
[2023-04-14 12:25:28,403] INFO [Broker id=0] Ignoring LeaderAndIsr request from controller 0 with correlation id 1 epoch 3 for partition connect-offsets-14 since its associated leader epoch 0 matches the current leader epoch (state.change.logger)
[2023-04-14 12:25:28,403] INFO [Broker id=0] Ignoring LeaderAndIsr request from controller 0 with correlation id 1 epoch 3 for partition connect-offsets-6 since its associated leader epoch 0 matches the current leader epoch (state.change.logger)
[2023-04-14 12:25:28,403] INFO [Broker id=0] Ignoring LeaderAndIsr request from controller 0 with correlation id 1 epoch 3 for partition connect-offsets-17 since its associated leader epoch 0 matches the current leader epoch (state.change.logger)
[2023-04-14 12:25:28,403] INFO [Broker id=0] Ignoring LeaderAndIsr request from controller 0 with correlation id 1 epoch 3 for partition connect-offsets-0 since its associated leader epoch 0 matches the current leader epoch (state.change.logger)
[2023-04-14 12:25:28,403] INFO [Broker id=0] Ignoring LeaderAndIsr request from controller 0 with correlation id 1 epoch 3 for partition connect-offsets-22 since its associated leader epoch 0 matches the current leader epoch (state.change.logger)
[2023-04-14 12:25:28,403] INFO [Broker id=0] Ignoring LeaderAndIsr request from controller 0 with correlation id 1 epoch 3 for partition connect-offsets-11 since its associated leader epoch 0 matches the current leader epoch (state.change.logger)
[2023-04-14 12:25:28,403] INFO [Broker id=0] Ignoring LeaderAndIsr request from controller 0 with correlation id 1 epoch 3 for partition connect-offsets-3 since its associated leader epoch 0 matches the current leader epoch (state.change.logger)
[2023-04-14 12:25:28,403] INFO [Broker id=0] Ignoring LeaderAndIsr request from controller 0 with correlation id 1 epoch 3 for partition connect-offsets-19 since its associated leader epoch 0 matches the current leader epoch (state.change.logger)
[2023-04-14 12:25:28,403] INFO [Broker id=0] Ignoring LeaderAndIsr request from controller 0 with correlation id 1 epoch 3 for partition connect-offsets-8 since its associated leader epoch 0 matches the current leader epoch (state.change.logger)
[2023-04-14 12:25:28,403] INFO [Broker id=0] Ignoring LeaderAndIsr request from controller 0 with correlation id 1 epoch 3 for partition connect-offsets-16 since its associated leader epoch 0 matches the current leader epoch (state.change.logger)
[2023-04-14 12:25:28,403] INFO [Broker id=0] Ignoring LeaderAndIsr request from controller 0 with correlation id 1 epoch 3 for partition connect-offsets-5 since its associated leader epoch 0 matches the current leader epoch (state.change.logger)
[2023-04-14 12:25:28,403] INFO [Broker id=0] Ignoring LeaderAndIsr request from controller 0 with correlation id 1 epoch 3 for partition connect-offsets-21 since its associated leader epoch 0 matches the current leader epoch (state.change.logger)
[2023-04-14 12:25:28,403] INFO [Broker id=0] Ignoring LeaderAndIsr request from controller 0 with correlation id 1 epoch 3 for partition connect-offsets-2 since its associated leader epoch 0 matches the current leader epoch (state.change.logger)
[2023-04-14 12:25:28,403] INFO [Broker id=0] Ignoring LeaderAndIsr request from controller 0 with correlation id 1 epoch 3 for partition connect-offsets-24 since its associated leader epoch 0 matches the current leader epoch (state.change.logger)
[2023-04-14 12:25:28,403] INFO [Broker id=0] Ignoring LeaderAndIsr request from controller 0 with correlation id 1 epoch 3 for partition connect-offsets-13 since its associated leader epoch 0 matches the current leader epoch (state.change.logger)
[2023-04-14 12:25:28,403] INFO [Broker id=0] Ignoring LeaderAndIsr request from controller 0 with correlation id 1 epoch 3 for partition connect-offsets-18 since its associated leader epoch 0 matches the current leader epoch (state.change.logger)
[2023-04-14 12:25:28,403] INFO [Broker id=0] Ignoring LeaderAndIsr request from controller 0 with correlation id 1 epoch 3 for partition connect-offsets-7 since its associated leader epoch 0 matches the current leader epoch (state.change.logger)
[2023-04-14 12:25:28,403] INFO [Broker id=0] Ignoring LeaderAndIsr request from controller 0 with correlation id 1 epoch 3 for partition orders-0 since its associated leader epoch 0 matches the current leader epoch (state.change.logger)
[2023-04-14 12:25:28,403] INFO [Broker id=0] Ignoring LeaderAndIsr request from controller 0 with correlation id 1 epoch 3 for partition __consumer_offsets-49 since its associated leader epoch 0 matches the current leader epoch (state.change.logger)
[2023-04-14 12:25:28,403] INFO [Broker id=0] Ignoring LeaderAndIsr request from controller 0 with correlation id 1 epoch 3 for partition __consumer_offsets-38 since its associated leader epoch 0 matches the current leader epoch (state.change.logger)
[2023-04-14 12:25:28,403] INFO [Broker id=0] Ignoring LeaderAndIsr request from controller 0 with correlation id 1 epoch 3 for partition __consumer_offsets-27 since its associated leader epoch 0 matches the current leader epoch (state.change.logger)
[2023-04-14 12:25:28,403] INFO [Broker id=0] Ignoring LeaderAndIsr request from controller 0 with correlation id 1 epoch 3 for partition __consumer_offsets-16 since its associated leader epoch 0 matches the current leader epoch (state.change.logger)
[2023-04-14 12:25:28,403] INFO [Broker id=0] Ignoring LeaderAndIsr request from controller 0 with correlation id 1 epoch 3 for partition __consumer_offsets-8 since its associated leader epoch 0 matches the current leader epoch (state.change.logger)
[2023-04-14 12:25:28,403] INFO [Broker id=0] Ignoring LeaderAndIsr request from controller 0 with correlation id 1 epoch 3 for partition __consumer_offsets-19 since its associated leader epoch 0 matches the current leader epoch (state.change.logger)
[2023-04-14 12:25:28,403] INFO [Broker id=0] Ignoring LeaderAndIsr request from controller 0 with correlation id 1 epoch 3 for partition __consumer_offsets-13 since its associated leader epoch 0 matches the current leader epoch (state.change.logger)
[2023-04-14 12:25:28,404] INFO [Broker id=0] Ignoring LeaderAndIsr request from controller 0 with correlation id 1 epoch 3 for partition __consumer_offsets-2 since its associated leader epoch 0 matches the current leader epoch (state.change.logger)
[2023-04-14 12:25:28,404] INFO [Broker id=0] Ignoring LeaderAndIsr request from controller 0 with correlation id 1 epoch 3 for partition __consumer_offsets-46 since its associated leader epoch 0 matches the current leader epoch (state.change.logger)
[2023-04-14 12:25:28,404] INFO [Broker id=0] Ignoring LeaderAndIsr request from controller 0 with correlation id 1 epoch 3 for partition __consumer_offsets-35 since its associated leader epoch 0 matches the current leader epoch (state.change.logger)
[2023-04-14 12:25:28,404] INFO [Broker id=0] Ignoring LeaderAndIsr request from controller 0 with correlation id 1 epoch 3 for partition __consumer_offsets-24 since its associated leader epoch 0 matches the current leader epoch (state.change.logger)
[2023-04-14 12:25:28,404] INFO [Broker id=0] Ignoring LeaderAndIsr request from controller 0 with correlation id 1 epoch 3 for partition __consumer_offsets-5 since its associated leader epoch 0 matches the current leader epoch (state.change.logger)
[2023-04-14 12:25:28,404] INFO [Broker id=0] Ignoring LeaderAndIsr request from controller 0 with correlation id 1 epoch 3 for partition __consumer_offsets-43 since its associated leader epoch 0 matches the current leader epoch (state.change.logger)
[2023-04-14 12:25:28,404] INFO [Broker id=0] Ignoring LeaderAndIsr request from controller 0 with correlation id 1 epoch 3 for partition __consumer_offsets-32 since its associated leader epoch 0 matches the current leader epoch (state.change.logger)
[2023-04-14 12:25:28,404] INFO [Broker id=0] Ignoring LeaderAndIsr request from controller 0 with correlation id 1 epoch 3 for partition __consumer_offsets-21 since its associated leader epoch 0 matches the current leader epoch (state.change.logger)
[2023-04-14 12:25:28,404] INFO [Broker id=0] Ignoring LeaderAndIsr request from controller 0 with correlation id 1 epoch 3 for partition __consumer_offsets-10 since its associated leader epoch 0 matches the current leader epoch (state.change.logger)
[2023-04-14 12:25:28,404] INFO [Broker id=0] Ignoring LeaderAndIsr request from controller 0 with correlation id 1 epoch 3 for partition __consumer_offsets-37 since its associated leader epoch 0 matches the current leader epoch (state.change.logger)
[2023-04-14 12:25:28,404] INFO [Broker id=0] Ignoring LeaderAndIsr request from controller 0 with correlation id 1 epoch 3 for partition __consumer_offsets-48 since its associated leader epoch 0 matches the current leader epoch (state.change.logger)
[2023-04-14 12:25:28,404] INFO [Broker id=0] Ignoring LeaderAndIsr request from controller 0 with correlation id 1 epoch 3 for partition __consumer_offsets-40 since its associated leader epoch 0 matches the current leader epoch (state.change.logger)
[2023-04-14 12:25:28,404] INFO [Broker id=0] Ignoring LeaderAndIsr request from controller 0 with correlation id 1 epoch 3 for partition __consumer_offsets-29 since its associated leader epoch 0 matches the current leader epoch (state.change.logger)
[2023-04-14 12:25:28,404] INFO [Broker id=0] Ignoring LeaderAndIsr request from controller 0 with correlation id 1 epoch 3 for partition __consumer_offsets-18 since its associated leader epoch 0 matches the current leader epoch (state.change.logger)
[2023-04-14 12:25:28,404] INFO [Broker id=0] Ignoring LeaderAndIsr request from controller 0 with correlation id 1 epoch 3 for partition __consumer_offsets-7 since its associated leader epoch 0 matches the current leader epoch (state.change.logger)
[2023-04-14 12:25:28,404] INFO [Broker id=0] Ignoring LeaderAndIsr request from controller 0 with correlation id 1 epoch 3 for partition __consumer_offsets-45 since its associated leader epoch 0 matches the current leader epoch (state.change.logger)
[2023-04-14 12:25:28,404] INFO [Broker id=0] Ignoring LeaderAndIsr request from controller 0 with correlation id 1 epoch 3 for partition __consumer_offsets-34 since its associated leader epoch 0 matches the current leader epoch (state.change.logger)
[2023-04-14 12:25:28,404] INFO [Broker id=0] Ignoring LeaderAndIsr request from controller 0 with correlation id 1 epoch 3 for partition __consumer_offsets-23 since its associated leader epoch 0 matches the current leader epoch (state.change.logger)
[2023-04-14 12:25:28,404] INFO [Broker id=0] Ignoring LeaderAndIsr request from controller 0 with correlation id 1 epoch 3 for partition __consumer_offsets-26 since its associated leader epoch 0 matches the current leader epoch (state.change.logger)
[2023-04-14 12:25:28,404] INFO [Broker id=0] Ignoring LeaderAndIsr request from controller 0 with correlation id 1 epoch 3 for partition __consumer_offsets-15 since its associated leader epoch 0 matches the current leader epoch (state.change.logger)
[2023-04-14 12:25:28,404] INFO [Broker id=0] Ignoring LeaderAndIsr request from controller 0 with correlation id 1 epoch 3 for partition __consumer_offsets-4 since its associated leader epoch 0 matches the current leader epoch (state.change.logger)
[2023-04-14 12:25:28,404] INFO [Broker id=0] Ignoring LeaderAndIsr request from controller 0 with correlation id 1 epoch 3 for partition __consumer_offsets-42 since its associated leader epoch 0 matches the current leader epoch (state.change.logger)
[2023-04-14 12:25:28,404] INFO [Broker id=0] Ignoring LeaderAndIsr request from controller 0 with correlation id 1 epoch 3 for partition __consumer_offsets-20 since its associated leader epoch 0 matches the current leader epoch (state.change.logger)
[2023-04-14 12:25:28,404] INFO [Broker id=0] Ignoring LeaderAndIsr request from controller 0 with correlation id 1 epoch 3 for partition __consumer_offsets-31 since its associated leader epoch 0 matches the current leader epoch (state.change.logger)
[2023-04-14 12:25:28,404] INFO [Broker id=0] Ignoring LeaderAndIsr request from controller 0 with correlation id 1 epoch 3 for partition __consumer_offsets-9 since its associated leader epoch 0 matches the current leader epoch (state.change.logger)
[2023-04-14 12:25:28,404] INFO [Broker id=0] Ignoring LeaderAndIsr request from controller 0 with correlation id 1 epoch 3 for partition __consumer_offsets-12 since its associated leader epoch 0 matches the current leader epoch (state.change.logger)
[2023-04-14 12:25:28,404] INFO [Broker id=0] Ignoring LeaderAndIsr request from controller 0 with correlation id 1 epoch 3 for partition __consumer_offsets-1 since its associated leader epoch 0 matches the current leader epoch (state.change.logger)
[2023-04-14 12:25:28,404] INFO [Broker id=0] Ignoring LeaderAndIsr request from controller 0 with correlation id 1 epoch 3 for partition __consumer_offsets-28 since its associated leader epoch 0 matches the current leader epoch (state.change.logger)
[2023-04-14 12:25:28,404] INFO [Broker id=0] Ignoring LeaderAndIsr request from controller 0 with correlation id 1 epoch 3 for partition __consumer_offsets-17 since its associated leader epoch 0 matches the current leader epoch (state.change.logger)
[2023-04-14 12:25:28,404] INFO [Broker id=0] Ignoring LeaderAndIsr request from controller 0 with correlation id 1 epoch 3 for partition __consumer_offsets-6 since its associated leader epoch 0 matches the current leader epoch (state.change.logger)
[2023-04-14 12:25:28,404] INFO [Broker id=0] Ignoring LeaderAndIsr request from controller 0 with correlation id 1 epoch 3 for partition __consumer_offsets-39 since its associated leader epoch 0 matches the current leader epoch (state.change.logger)
[2023-04-14 12:25:28,404] INFO [Broker id=0] Ignoring LeaderAndIsr request from controller 0 with correlation id 1 epoch 3 for partition __consumer_offsets-44 since its associated leader epoch 0 matches the current leader epoch (state.change.logger)
[2023-04-14 12:25:28,404] INFO [Broker id=0] Ignoring LeaderAndIsr request from controller 0 with correlation id 1 epoch 3 for partition __consumer_offsets-47 since its associated leader epoch 0 matches the current leader epoch (state.change.logger)
[2023-04-14 12:25:28,404] INFO [Broker id=0] Ignoring LeaderAndIsr request from controller 0 with correlation id 1 epoch 3 for partition __consumer_offsets-36 since its associated leader epoch 0 matches the current leader epoch (state.change.logger)
[2023-04-14 12:25:28,404] INFO [Broker id=0] Ignoring LeaderAndIsr request from controller 0 with correlation id 1 epoch 3 for partition __consumer_offsets-3 since its associated leader epoch 0 matches the current leader epoch (state.change.logger)
[2023-04-14 12:25:28,404] INFO [Broker id=0] Ignoring LeaderAndIsr request from controller 0 with correlation id 1 epoch 3 for partition __consumer_offsets-14 since its associated leader epoch 0 matches the current leader epoch (state.change.logger)
[2023-04-14 12:25:28,404] INFO [Broker id=0] Ignoring LeaderAndIsr request from controller 0 with correlation id 1 epoch 3 for partition __consumer_offsets-25 since its associated leader epoch 0 matches the current leader epoch (state.change.logger)
[2023-04-14 12:25:28,404] INFO [Broker id=0] Ignoring LeaderAndIsr request from controller 0 with correlation id 1 epoch 3 for partition __consumer_offsets-41 since its associated leader epoch 0 matches the current leader epoch (state.change.logger)
[2023-04-14 12:25:28,404] INFO [Broker id=0] Ignoring LeaderAndIsr request from controller 0 with correlation id 1 epoch 3 for partition __consumer_offsets-30 since its associated leader epoch 0 matches the current leader epoch (state.change.logger)
[2023-04-14 12:25:28,404] INFO [Broker id=0] Ignoring LeaderAndIsr request from controller 0 with correlation id 1 epoch 3 for partition __consumer_offsets-22 since its associated leader epoch 0 matches the current leader epoch (state.change.logger)
[2023-04-14 12:25:28,404] INFO [Broker id=0] Ignoring LeaderAndIsr request from controller 0 with correlation id 1 epoch 3 for partition __consumer_offsets-33 since its associated leader epoch 0 matches the current leader epoch (state.change.logger)
[2023-04-14 12:25:28,404] INFO [Broker id=0] Ignoring LeaderAndIsr request from controller 0 with correlation id 1 epoch 3 for partition __consumer_offsets-11 since its associated leader epoch 0 matches the current leader epoch (state.change.logger)
[2023-04-14 12:25:28,404] INFO [Broker id=0] Ignoring LeaderAndIsr request from controller 0 with correlation id 1 epoch 3 for partition __consumer_offsets-0 since its associated leader epoch 0 matches the current leader epoch (state.change.logger)
[2023-04-14 12:25:28,405] INFO [Broker id=0] Finished LeaderAndIsr request in 4ms correlationId 1 from controller 0 for 83 partitions (state.change.logger)
[2023-04-14 12:25:28,407] INFO [Broker id=0] Add 83 partitions and deleted 0 partitions from metadata cache in response to UpdateMetadata request sent by controller 0 epoch 3 with correlation id 2 (state.change.logger)
[2023-04-14 13:02:19,057] INFO [Controller id=0 epoch=4] Sending UpdateMetadata request to brokers Set(0) for 0 partitions (state.change.logger)
[2023-04-14 13:02:19,061] INFO [Controller id=0 epoch=4] Sending LeaderAndIsr request to broker 0 with 83 become-leader and 0 become-follower partitions (state.change.logger)
[2023-04-14 13:02:19,061] INFO [Controller id=0 epoch=4] Sending UpdateMetadata request to brokers Set(0) for 83 partitions (state.change.logger)
[2023-04-14 13:02:19,062] INFO [Broker id=0] Handling LeaderAndIsr request correlationId 1 from controller 0 for 83 partitions (state.change.logger)
[2023-04-14 13:02:19,062] INFO [Broker id=0] Ignoring LeaderAndIsr request from controller 0 with correlation id 1 epoch 4 for partition connect-configs-0 since its associated leader epoch 0 matches the current leader epoch (state.change.logger)
[2023-04-14 13:02:19,062] INFO [Broker id=0] Ignoring LeaderAndIsr request from controller 0 with correlation id 1 epoch 4 for partition example-catalog-topic-0 since its associated leader epoch 0 matches the current leader epoch (state.change.logger)
[2023-04-14 13:02:19,062] INFO [Broker id=0] Ignoring LeaderAndIsr request from controller 0 with correlation id 1 epoch 4 for partition connect-status-2 since its associated leader epoch 0 matches the current leader epoch (state.change.logger)
[2023-04-14 13:02:19,062] INFO [Broker id=0] Ignoring LeaderAndIsr request from controller 0 with correlation id 1 epoch 4 for partition connect-status-4 since its associated leader epoch 0 matches the current leader epoch (state.change.logger)
[2023-04-14 13:02:19,062] INFO [Broker id=0] Ignoring LeaderAndIsr request from controller 0 with correlation id 1 epoch 4 for partition connect-status-1 since its associated leader epoch 0 matches the current leader epoch (state.change.logger)
[2023-04-14 13:02:19,062] INFO [Broker id=0] Ignoring LeaderAndIsr request from controller 0 with correlation id 1 epoch 4 for partition connect-status-3 since its associated leader epoch 0 matches the current leader epoch (state.change.logger)
[2023-04-14 13:02:19,062] INFO [Broker id=0] Ignoring LeaderAndIsr request from controller 0 with correlation id 1 epoch 4 for partition connect-status-0 since its associated leader epoch 0 matches the current leader epoch (state.change.logger)
[2023-04-14 13:02:19,062] INFO [Broker id=0] Ignoring LeaderAndIsr request from controller 0 with correlation id 1 epoch 4 for partition connect-offsets-10 since its associated leader epoch 0 matches the current leader epoch (state.change.logger)
[2023-04-14 13:02:19,062] INFO [Broker id=0] Ignoring LeaderAndIsr request from controller 0 with correlation id 1 epoch 4 for partition connect-offsets-4 since its associated leader epoch 0 matches the current leader epoch (state.change.logger)
[2023-04-14 13:02:19,062] INFO [Broker id=0] Ignoring LeaderAndIsr request from controller 0 with correlation id 1 epoch 4 for partition connect-offsets-15 since its associated leader epoch 0 matches the current leader epoch (state.change.logger)
[2023-04-14 13:02:19,062] INFO [Broker id=0] Ignoring LeaderAndIsr request from controller 0 with correlation id 1 epoch 4 for partition connect-offsets-1 since its associated leader epoch 0 matches the current leader epoch (state.change.logger)
[2023-04-14 13:02:19,062] INFO [Broker id=0] Ignoring LeaderAndIsr request from controller 0 with correlation id 1 epoch 4 for partition connect-offsets-12 since its associated leader epoch 0 matches the current leader epoch (state.change.logger)
[2023-04-14 13:02:19,062] INFO [Broker id=0] Ignoring LeaderAndIsr request from controller 0 with correlation id 1 epoch 4 for partition connect-offsets-23 since its associated leader epoch 0 matches the current leader epoch (state.change.logger)
[2023-04-14 13:02:19,063] INFO [Broker id=0] Ignoring LeaderAndIsr request from controller 0 with correlation id 1 epoch 4 for partition connect-offsets-20 since its associated leader epoch 0 matches the current leader epoch (state.change.logger)
[2023-04-14 13:02:19,063] INFO [Broker id=0] Ignoring LeaderAndIsr request from controller 0 with correlation id 1 epoch 4 for partition connect-offsets-9 since its associated leader epoch 0 matches the current leader epoch (state.change.logger)
[2023-04-14 13:02:19,063] INFO [Broker id=0] Ignoring LeaderAndIsr request from controller 0 with correlation id 1 epoch 4 for partition connect-offsets-14 since its associated leader epoch 0 matches the current leader epoch (state.change.logger)
[2023-04-14 13:02:19,063] INFO [Broker id=0] Ignoring LeaderAndIsr request from controller 0 with correlation id 1 epoch 4 for partition connect-offsets-6 since its associated leader epoch 0 matches the current leader epoch (state.change.logger)
[2023-04-14 13:02:19,063] INFO [Broker id=0] Ignoring LeaderAndIsr request from controller 0 with correlation id 1 epoch 4 for partition connect-offsets-17 since its associated leader epoch 0 matches the current leader epoch (state.change.logger)
[2023-04-14 13:02:19,063] INFO [Broker id=0] Ignoring LeaderAndIsr request from controller 0 with correlation id 1 epoch 4 for partition connect-offsets-0 since its associated leader epoch 0 matches the current leader epoch (state.change.logger)
[2023-04-14 13:02:19,063] INFO [Broker id=0] Ignoring LeaderAndIsr request from controller 0 with correlation id 1 epoch 4 for partition connect-offsets-22 since its associated leader epoch 0 matches the current leader epoch (state.change.logger)
[2023-04-14 13:02:19,063] INFO [Broker id=0] Ignoring LeaderAndIsr request from controller 0 with correlation id 1 epoch 4 for partition connect-offsets-11 since its associated leader epoch 0 matches the current leader epoch (state.change.logger)
[2023-04-14 13:02:19,063] INFO [Broker id=0] Ignoring LeaderAndIsr request from controller 0 with correlation id 1 epoch 4 for partition connect-offsets-3 since its associated leader epoch 0 matches the current leader epoch (state.change.logger)
[2023-04-14 13:02:19,063] INFO [Broker id=0] Ignoring LeaderAndIsr request from controller 0 with correlation id 1 epoch 4 for partition connect-offsets-19 since its associated leader epoch 0 matches the current leader epoch (state.change.logger)
[2023-04-14 13:02:19,063] INFO [Broker id=0] Ignoring LeaderAndIsr request from controller 0 with correlation id 1 epoch 4 for partition connect-offsets-8 since its associated leader epoch 0 matches the current leader epoch (state.change.logger)
[2023-04-14 13:02:19,063] INFO [Broker id=0] Ignoring LeaderAndIsr request from controller 0 with correlation id 1 epoch 4 for partition connect-offsets-16 since its associated leader epoch 0 matches the current leader epoch (state.change.logger)
[2023-04-14 13:02:19,063] INFO [Broker id=0] Ignoring LeaderAndIsr request from controller 0 with correlation id 1 epoch 4 for partition connect-offsets-5 since its associated leader epoch 0 matches the current leader epoch (state.change.logger)
[2023-04-14 13:02:19,063] INFO [Broker id=0] Ignoring LeaderAndIsr request from controller 0 with correlation id 1 epoch 4 for partition connect-offsets-21 since its associated leader epoch 0 matches the current leader epoch (state.change.logger)
[2023-04-14 13:02:19,063] INFO [Broker id=0] Ignoring LeaderAndIsr request from controller 0 with correlation id 1 epoch 4 for partition connect-offsets-2 since its associated leader epoch 0 matches the current leader epoch (state.change.logger)
[2023-04-14 13:02:19,063] INFO [Broker id=0] Ignoring LeaderAndIsr request from controller 0 with correlation id 1 epoch 4 for partition connect-offsets-24 since its associated leader epoch 0 matches the current leader epoch (state.change.logger)
[2023-04-14 13:02:19,063] INFO [Broker id=0] Ignoring LeaderAndIsr request from controller 0 with correlation id 1 epoch 4 for partition connect-offsets-13 since its associated leader epoch 0 matches the current leader epoch (state.change.logger)
[2023-04-14 13:02:19,063] INFO [Broker id=0] Ignoring LeaderAndIsr request from controller 0 with correlation id 1 epoch 4 for partition connect-offsets-18 since its associated leader epoch 0 matches the current leader epoch (state.change.logger)
[2023-04-14 13:02:19,063] INFO [Broker id=0] Ignoring LeaderAndIsr request from controller 0 with correlation id 1 epoch 4 for partition connect-offsets-7 since its associated leader epoch 0 matches the current leader epoch (state.change.logger)
[2023-04-14 13:02:19,063] INFO [Broker id=0] Ignoring LeaderAndIsr request from controller 0 with correlation id 1 epoch 4 for partition orders-0 since its associated leader epoch 0 matches the current leader epoch (state.change.logger)
[2023-04-14 13:02:19,063] INFO [Broker id=0] Ignoring LeaderAndIsr request from controller 0 with correlation id 1 epoch 4 for partition __consumer_offsets-49 since its associated leader epoch 0 matches the current leader epoch (state.change.logger)
[2023-04-14 13:02:19,063] INFO [Broker id=0] Ignoring LeaderAndIsr request from controller 0 with correlation id 1 epoch 4 for partition __consumer_offsets-38 since its associated leader epoch 0 matches the current leader epoch (state.change.logger)
[2023-04-14 13:02:19,063] INFO [Broker id=0] Ignoring LeaderAndIsr request from controller 0 with correlation id 1 epoch 4 for partition __consumer_offsets-27 since its associated leader epoch 0 matches the current leader epoch (state.change.logger)
[2023-04-14 13:02:19,063] INFO [Broker id=0] Ignoring LeaderAndIsr request from controller 0 with correlation id 1 epoch 4 for partition __consumer_offsets-16 since its associated leader epoch 0 matches the current leader epoch (state.change.logger)
[2023-04-14 13:02:19,063] INFO [Broker id=0] Ignoring LeaderAndIsr request from controller 0 with correlation id 1 epoch 4 for partition __consumer_offsets-8 since its associated leader epoch 0 matches the current leader epoch (state.change.logger)
[2023-04-14 13:02:19,063] INFO [Broker id=0] Ignoring LeaderAndIsr request from controller 0 with correlation id 1 epoch 4 for partition __consumer_offsets-19 since its associated leader epoch 0 matches the current leader epoch (state.change.logger)
[2023-04-14 13:02:19,063] INFO [Broker id=0] Ignoring LeaderAndIsr request from controller 0 with correlation id 1 epoch 4 for partition __consumer_offsets-13 since its associated leader epoch 0 matches the current leader epoch (state.change.logger)
[2023-04-14 13:02:19,063] INFO [Broker id=0] Ignoring LeaderAndIsr request from controller 0 with correlation id 1 epoch 4 for partition __consumer_offsets-2 since its associated leader epoch 0 matches the current leader epoch (state.change.logger)
[2023-04-14 13:02:19,063] INFO [Broker id=0] Ignoring LeaderAndIsr request from controller 0 with correlation id 1 epoch 4 for partition __consumer_offsets-46 since its associated leader epoch 0 matches the current leader epoch (state.change.logger)
[2023-04-14 13:02:19,063] INFO [Broker id=0] Ignoring LeaderAndIsr request from controller 0 with correlation id 1 epoch 4 for partition __consumer_offsets-35 since its associated leader epoch 0 matches the current leader epoch (state.change.logger)
[2023-04-14 13:02:19,063] INFO [Broker id=0] Ignoring LeaderAndIsr request from controller 0 with correlation id 1 epoch 4 for partition __consumer_offsets-24 since its associated leader epoch 0 matches the current leader epoch (state.change.logger)
[2023-04-14 13:02:19,063] INFO [Broker id=0] Ignoring LeaderAndIsr request from controller 0 with correlation id 1 epoch 4 for partition __consumer_offsets-5 since its associated leader epoch 0 matches the current leader epoch (state.change.logger)
[2023-04-14 13:02:19,063] INFO [Broker id=0] Ignoring LeaderAndIsr request from controller 0 with correlation id 1 epoch 4 for partition __consumer_offsets-43 since its associated leader epoch 0 matches the current leader epoch (state.change.logger)
[2023-04-14 13:02:19,063] INFO [Broker id=0] Ignoring LeaderAndIsr request from controller 0 with correlation id 1 epoch 4 for partition __consumer_offsets-32 since its associated leader epoch 0 matches the current leader epoch (state.change.logger)
[2023-04-14 13:02:19,063] INFO [Broker id=0] Ignoring LeaderAndIsr request from controller 0 with correlation id 1 epoch 4 for partition __consumer_offsets-21 since its associated leader epoch 0 matches the current leader epoch (state.change.logger)
[2023-04-14 13:02:19,063] INFO [Broker id=0] Ignoring LeaderAndIsr request from controller 0 with correlation id 1 epoch 4 for partition __consumer_offsets-10 since its associated leader epoch 0 matches the current leader epoch (state.change.logger)
[2023-04-14 13:02:19,063] INFO [Broker id=0] Ignoring LeaderAndIsr request from controller 0 with correlation id 1 epoch 4 for partition __consumer_offsets-37 since its associated leader epoch 0 matches the current leader epoch (state.change.logger)
[2023-04-14 13:02:19,063] INFO [Broker id=0] Ignoring LeaderAndIsr request from controller 0 with correlation id 1 epoch 4 for partition __consumer_offsets-48 since its associated leader epoch 0 matches the current leader epoch (state.change.logger)
[2023-04-14 13:02:19,063] INFO [Broker id=0] Ignoring LeaderAndIsr request from controller 0 with correlation id 1 epoch 4 for partition __consumer_offsets-40 since its associated leader epoch 0 matches the current leader epoch (state.change.logger)
[2023-04-14 13:02:19,063] INFO [Broker id=0] Ignoring LeaderAndIsr request from controller 0 with correlation id 1 epoch 4 for partition __consumer_offsets-29 since its associated leader epoch 0 matches the current leader epoch (state.change.logger)
[2023-04-14 13:02:19,063] INFO [Broker id=0] Ignoring LeaderAndIsr request from controller 0 with correlation id 1 epoch 4 for partition __consumer_offsets-18 since its associated leader epoch 0 matches the current leader epoch (state.change.logger)
[2023-04-14 13:02:19,063] INFO [Broker id=0] Ignoring LeaderAndIsr request from controller 0 with correlation id 1 epoch 4 for partition __consumer_offsets-7 since its associated leader epoch 0 matches the current leader epoch (state.change.logger)
[2023-04-14 13:02:19,063] INFO [Broker id=0] Ignoring LeaderAndIsr request from controller 0 with correlation id 1 epoch 4 for partition __consumer_offsets-45 since its associated leader epoch 0 matches the current leader epoch (state.change.logger)
[2023-04-14 13:02:19,063] INFO [Broker id=0] Ignoring LeaderAndIsr request from controller 0 with correlation id 1 epoch 4 for partition __consumer_offsets-34 since its associated leader epoch 0 matches the current leader epoch (state.change.logger)
[2023-04-14 13:02:19,063] INFO [Broker id=0] Ignoring LeaderAndIsr request from controller 0 with correlation id 1 epoch 4 for partition __consumer_offsets-23 since its associated leader epoch 0 matches the current leader epoch (state.change.logger)
[2023-04-14 13:02:19,063] INFO [Broker id=0] Ignoring LeaderAndIsr request from controller 0 with correlation id 1 epoch 4 for partition __consumer_offsets-26 since its associated leader epoch 0 matches the current leader epoch (state.change.logger)
[2023-04-14 13:02:19,063] INFO [Broker id=0] Ignoring LeaderAndIsr request from controller 0 with correlation id 1 epoch 4 for partition __consumer_offsets-15 since its associated leader epoch 0 matches the current leader epoch (state.change.logger)
[2023-04-14 13:02:19,063] INFO [Broker id=0] Ignoring LeaderAndIsr request from controller 0 with correlation id 1 epoch 4 for partition __consumer_offsets-4 since its associated leader epoch 0 matches the current leader epoch (state.change.logger)
[2023-04-14 13:02:19,063] INFO [Broker id=0] Ignoring LeaderAndIsr request from controller 0 with correlation id 1 epoch 4 for partition __consumer_offsets-42 since its associated leader epoch 0 matches the current leader epoch (state.change.logger)
[2023-04-14 13:02:19,063] INFO [Broker id=0] Ignoring LeaderAndIsr request from controller 0 with correlation id 1 epoch 4 for partition __consumer_offsets-20 since its associated leader epoch 0 matches the current leader epoch (state.change.logger)
[2023-04-14 13:02:19,063] INFO [Broker id=0] Ignoring LeaderAndIsr request from controller 0 with correlation id 1 epoch 4 for partition __consumer_offsets-31 since its associated leader epoch 0 matches the current leader epoch (state.change.logger)
[2023-04-14 13:02:19,063] INFO [Broker id=0] Ignoring LeaderAndIsr request from controller 0 with correlation id 1 epoch 4 for partition __consumer_offsets-9 since its associated leader epoch 0 matches the current leader epoch (state.change.logger)
[2023-04-14 13:02:19,063] INFO [Broker id=0] Ignoring LeaderAndIsr request from controller 0 with correlation id 1 epoch 4 for partition __consumer_offsets-12 since its associated leader epoch 0 matches the current leader epoch (state.change.logger)
[2023-04-14 13:02:19,063] INFO [Broker id=0] Ignoring LeaderAndIsr request from controller 0 with correlation id 1 epoch 4 for partition __consumer_offsets-1 since its associated leader epoch 0 matches the current leader epoch (state.change.logger)
[2023-04-14 13:02:19,063] INFO [Broker id=0] Ignoring LeaderAndIsr request from controller 0 with correlation id 1 epoch 4 for partition __consumer_offsets-28 since its associated leader epoch 0 matches the current leader epoch (state.change.logger)
[2023-04-14 13:02:19,063] INFO [Broker id=0] Ignoring LeaderAndIsr request from controller 0 with correlation id 1 epoch 4 for partition __consumer_offsets-17 since its associated leader epoch 0 matches the current leader epoch (state.change.logger)
[2023-04-14 13:02:19,063] INFO [Broker id=0] Ignoring LeaderAndIsr request from controller 0 with correlation id 1 epoch 4 for partition __consumer_offsets-6 since its associated leader epoch 0 matches the current leader epoch (state.change.logger)
[2023-04-14 13:02:19,063] INFO [Broker id=0] Ignoring LeaderAndIsr request from controller 0 with correlation id 1 epoch 4 for partition __consumer_offsets-39 since its associated leader epoch 0 matches the current leader epoch (state.change.logger)
[2023-04-14 13:02:19,063] INFO [Broker id=0] Ignoring LeaderAndIsr request from controller 0 with correlation id 1 epoch 4 for partition __consumer_offsets-44 since its associated leader epoch 0 matches the current leader epoch (state.change.logger)
[2023-04-14 13:02:19,063] INFO [Broker id=0] Ignoring LeaderAndIsr request from controller 0 with correlation id 1 epoch 4 for partition __consumer_offsets-47 since its associated leader epoch 0 matches the current leader epoch (state.change.logger)
[2023-04-14 13:02:19,063] INFO [Broker id=0] Ignoring LeaderAndIsr request from controller 0 with correlation id 1 epoch 4 for partition __consumer_offsets-36 since its associated leader epoch 0 matches the current leader epoch (state.change.logger)
[2023-04-14 13:02:19,063] INFO [Broker id=0] Ignoring LeaderAndIsr request from controller 0 with correlation id 1 epoch 4 for partition __consumer_offsets-3 since its associated leader epoch 0 matches the current leader epoch (state.change.logger)
[2023-04-14 13:02:19,063] INFO [Broker id=0] Ignoring LeaderAndIsr request from controller 0 with correlation id 1 epoch 4 for partition __consumer_offsets-14 since its associated leader epoch 0 matches the current leader epoch (state.change.logger)
[2023-04-14 13:02:19,063] INFO [Broker id=0] Ignoring LeaderAndIsr request from controller 0 with correlation id 1 epoch 4 for partition __consumer_offsets-25 since its associated leader epoch 0 matches the current leader epoch (state.change.logger)
[2023-04-14 13:02:19,063] INFO [Broker id=0] Ignoring LeaderAndIsr request from controller 0 with correlation id 1 epoch 4 for partition __consumer_offsets-41 since its associated leader epoch 0 matches the current leader epoch (state.change.logger)
[2023-04-14 13:02:19,063] INFO [Broker id=0] Ignoring LeaderAndIsr request from controller 0 with correlation id 1 epoch 4 for partition __consumer_offsets-30 since its associated leader epoch 0 matches the current leader epoch (state.change.logger)
[2023-04-14 13:02:19,063] INFO [Broker id=0] Ignoring LeaderAndIsr request from controller 0 with correlation id 1 epoch 4 for partition __consumer_offsets-22 since its associated leader epoch 0 matches the current leader epoch (state.change.logger)
[2023-04-14 13:02:19,063] INFO [Broker id=0] Ignoring LeaderAndIsr request from controller 0 with correlation id 1 epoch 4 for partition __consumer_offsets-33 since its associated leader epoch 0 matches the current leader epoch (state.change.logger)
[2023-04-14 13:02:19,063] INFO [Broker id=0] Ignoring LeaderAndIsr request from controller 0 with correlation id 1 epoch 4 for partition __consumer_offsets-11 since its associated leader epoch 0 matches the current leader epoch (state.change.logger)
[2023-04-14 13:02:19,063] INFO [Broker id=0] Ignoring LeaderAndIsr request from controller 0 with correlation id 1 epoch 4 for partition __consumer_offsets-0 since its associated leader epoch 0 matches the current leader epoch (state.change.logger)
[2023-04-14 13:02:19,064] INFO [Broker id=0] Finished LeaderAndIsr request in 2ms correlationId 1 from controller 0 for 83 partitions (state.change.logger)
[2023-04-14 13:02:19,065] INFO [Broker id=0] Add 83 partitions and deleted 0 partitions from metadata cache in response to UpdateMetadata request sent by controller 0 epoch 4 with correlation id 2 (state.change.logger)
